[debug] [2025-11-06T15:15:19.785Z] ----------------------------------------------------------------------
[debug] [2025-11-06T15:15:19.788Z] Command:       /opt/homebrew/Cellar/node/25.1.0/bin/node /opt/homebrew/bin/firebase deploy --only hosting --project=powerful-layout-467812-p1
[debug] [2025-11-06T15:15:19.788Z] CLI Version:   14.23.0
[debug] [2025-11-06T15:15:19.788Z] Platform:      darwin
[debug] [2025-11-06T15:15:19.788Z] Node Version:  v25.1.0
[debug] [2025-11-06T15:15:19.788Z] Time:          Thu Nov 06 2025 16:15:19 GMT+0100 (Midden-Europese standaardtijd)
[debug] [2025-11-06T15:15:19.788Z] ----------------------------------------------------------------------
[debug] 
[debug] [2025-11-06T15:15:19.857Z] > command requires scopes: ["email","openid","https://www.googleapis.com/auth/cloudplatformprojects.readonly","https://www.googleapis.com/auth/firebase","https://www.googleapis.com/auth/cloud-platform"]
[debug] [2025-11-06T15:15:19.857Z] > authorizing via signed-in user (info@bramalkema.nl)
[debug] [2025-11-06T15:15:19.857Z] [iam] checking project powerful-layout-467812-p1 for permissions ["firebase.projects.get","firebasehosting.sites.update"]
[debug] [2025-11-06T15:15:19.858Z] Checked if tokens are valid: false, expires at: 1762123373119
[debug] [2025-11-06T15:15:19.858Z] Checked if tokens are valid: false, expires at: 1762123373119
[debug] [2025-11-06T15:15:19.858Z] > refreshing access token with scopes: []
[debug] [2025-11-06T15:15:19.859Z] >>> [apiv2][query] POST https://www.googleapis.com/oauth2/v3/token [none]
[debug] [2025-11-06T15:15:19.859Z] >>> [apiv2][body] POST https://www.googleapis.com/oauth2/v3/token [omitted]
[debug] [2025-11-06T15:15:20.081Z] <<< [apiv2][status] POST https://www.googleapis.com/oauth2/v3/token 400
[debug] [2025-11-06T15:15:20.081Z] <<< [apiv2][body] POST https://www.googleapis.com/oauth2/v3/token [omitted]
[error] Authentication Error: Your credentials are no longer valid. Please run firebase login --reauth

For CI servers and headless environments, generate a new token with firebase login:ci
[error] Authentication Error: Your credentials are no longer valid. Please run firebase login --reauth

For CI servers and headless environments, generate a new token with firebase login:ci
[debug] [2025-11-06T15:15:20.081Z] [iam] error while checking permissions, command may fail: Authentication Error: Your credentials are no longer valid. Please run firebase login --reauth

For CI servers and headless environments, generate a new token with firebase login:ci
[debug] [2025-11-06T15:15:20.082Z] Checked if tokens are valid: false, expires at: 1762123373119
[debug] [2025-11-06T15:15:20.082Z] Checked if tokens are valid: false, expires at: 1762123373119
[debug] [2025-11-06T15:15:20.082Z] > refreshing access token with scopes: []
[debug] [2025-11-06T15:15:20.082Z] >>> [apiv2][query] POST https://www.googleapis.com/oauth2/v3/token [none]
[debug] [2025-11-06T15:15:20.082Z] >>> [apiv2][body] POST https://www.googleapis.com/oauth2/v3/token [omitted]
[debug] [2025-11-06T15:15:20.152Z] <<< [apiv2][status] POST https://www.googleapis.com/oauth2/v3/token 400
[debug] [2025-11-06T15:15:20.152Z] <<< [apiv2][body] POST https://www.googleapis.com/oauth2/v3/token [omitted]
[error] Authentication Error: Your credentials are no longer valid. Please run firebase login --reauth

For CI servers and headless environments, generate a new token with firebase login:ci
[error] Authentication Error: Your credentials are no longer valid. Please run firebase login --reauth

For CI servers and headless environments, generate a new token with firebase login:ci
[debug] [2025-11-06T15:15:20.152Z] Authentication Error: Your credentials are no longer valid. Please run firebase login --reauth

For CI servers and headless environments, generate a new token with firebase login:ci
[error] 
[error] Error: Assertion failed: resolving hosting target of a site with no site name or target name. This should have caused an error earlier
